<?xml version="1.0" encoding="UTF-8"?>
<Site BuildName="Linux-c++"
	BuildStamp="20240519-0556-Experimental"
	Name="LL-2811"
	Generator="ctest-3.16.3"
	CompilerName="/usr/bin/c++"
	CompilerVersion="9.4.0"
	OSName="Linux"
	Hostname="LL-2811"
	OSRelease="5.15.0-105-generic"
	OSVersion="#115~20.04.1-Ubuntu SMP Mon Apr 15 17:33:04 UTC 2024"
	OSPlatform="x86_64"
	Is64Bits="1"
	VendorString="GenuineIntel"
	VendorID="Intel Corporation"
	FamilyID="6"
	ModelID="154"
	ProcessorCacheSize="12288"
	NumberOfLogicalCPU="12"
	NumberOfPhysicalCPU="10"
	TotalVirtualMemory="2047"
	TotalPhysicalMemory="15674"
	LogicalProcessorsPerPhysical="1"
	ProcessorClockFrequency="3477.36"
	>
	<Testing>
		<StartDateTime>May 19 20:17 IST</StartDateTime>
		<StartTestTime>1716130031</StartTestTime>
		<TestList/>
		<EndDateTime>May 19 20:17 IST</EndDateTime>
		<EndTestTime>1716130031</EndTestTime>
		<ElapsedMinutes>0</ElapsedMinutes>
	</Testing>
</Site>
